** Message: environement.vala:58: Exporting primary_variable
** Message: environement.vala:59: desktop_environnement XDG_CURRENT_DESKTOP
** Message: environement.vala:149: confir_dirs is null, export : /etc/xdg
** Message: environement.vala:183: Exporting XDG_CONFIG_DIRS
** Message: environement.vala:217: custom_data :
** Message: environement.vala:218: data_dirs :/usr/local/share:/usr/share/raspi-ui-overrides:/usr/share:/usr/share/gdm:/var/lib/menu-xdg
** Message: environement.vala:219: data_dirs not null, export : /usr/local/share:/usr/share/raspi-ui-overrides:/usr/share:/usr/share/gdm:/var/lib/menu-xdg
** Message: environement.vala:224: Exporting XDG_DATA_DIRS
** Message: utils.vala:68: User config used : /home/pi/.config/lxsession/LXDE-pi/desktop.conf
** Message: utils.vala:89: Final file used : /home/pi/.config/lxsession/LXDE-pi/desktop.conf
** Message: settings.vala:527: Key file does not have key 'iGtk/ColorScheme'
** Message: settings.vala:527: Key file does not have key 'windows_manager/command'
** Message: settings.vala:527: Key file does not have key 'panel/command'
** Message: settings.vala:527: Key file does not have key 'dock/command'
** Message: settings.vala:527: Key file does not have key 'file_manager/command'
** Message: settings.vala:527: Key file does not have key 'desktop_manager/command'
** Message: settings.vala:527: Key file does not have key 'launcher_manager/autostart'
** Message: settings.vala:527: Key file does not have key 'composite_manager/command'
** Message: settings.vala:527: Key file does not have key 'im1/command'
** Message: settings.vala:527: Key file does not have key 'im2/command'
** Message: settings.vala:527: Key file does not have key 'widget1/command'
** Message: settings.vala:527: Key file does not have key 'notification/command'
** Message: settings.vala:527: Key file does not have key 'keybindings/command'
** Message: settings.vala:527: Key file does not have key 'screensaver/command'
** Message: settings.vala:527: Key file does not have key 'power_manager/command'
** Message: settings.vala:527: Key file does not have key 'audio_manager/command'
** Message: settings.vala:527: Key file does not have key 'workspace_manager/command'
** Message: settings.vala:527: Key file does not have key 'screenshot_manager/command'
** Message: settings.vala:527: Key file does not have key 'message_manager/command'
** Message: settings.vala:527: Key file does not have key 'upgrade_manager/command'
** Message: settings.vala:527: Key file does not have key 'upstart_user_session'
** Message: settings.vala:527: Key file does not have key 'proxy_manager/http'
** Message: settings.vala:527: Key file does not have key 'a11y/command'
** Message: settings.vala:527: Key file does not have key 'xrandr/command'
** Message: settings.vala:527: Key file does not have key 'network_gui/command'
** Message: settings.vala:527: Key file does not have key 'webbrowser/command'
** Message: settings.vala:527: Key file does not have key 'email/command'
** Message: settings.vala:527: Key file does not have key 'pdf_reader/command'
** Message: settings.vala:527: Key file does not have key 'video_player/command'
** Message: settings.vala:527: Key file does not have key 'audio_player/command'
** Message: settings.vala:527: Key file does not have key 'images_display/command'
** Message: settings.vala:527: Key file does not have key 'text_editor/command'
** Message: settings.vala:527: Key file does not have key 'archive/command'
** Message: settings.vala:527: Key file does not have key 'charmap/command'
** Message: settings.vala:527: Key file does not have key 'calculator/command'
** Message: settings.vala:527: Key file does not have key 'spreadsheet/command'
** Message: settings.vala:527: Key file does not have key 'bittorent/command'
** Message: settings.vala:527: Key file does not have key 'document/command'
** Message: settings.vala:527: Key file does not have key 'webcam/command'
** Message: settings.vala:527: Key file does not have key 'burn/command'
** Message: settings.vala:527: Key file does not have key 'notes/command'
** Message: settings.vala:527: Key file does not have key 'disk_utility/command'
** Message: settings.vala:527: Key file does not have key 'tasks/command'
** Message: settings.vala:527: Key file does not have group 'Keymap'
** Message: settings.vala:527: Key file does not have key 'laptop_mode'
** Message: settings.vala:527: Key file does not have key 'gnome'
** Message: settings.vala:527: Key file does not have group 'Updates'
** Message: settings.vala:527: Key file does not have key 'type'
** Message: settings.vala:449: Monitoring: /home/pi/.config/lxsession/LXDE-pi/desktop.conf
** Message: settings.vala:453: Desktop file is already in config home, do nothing
** Message: environement.vala:79: Exporting variable
** Message: environement.vala:80: desktop_environnement XDG_CURRENT_DESKTOP
** Message: environement.vala:176: custom_config :
** Message: environement.vala:177: config_dirs :/etc/xdg
** Message: environement.vala:178: confir_dirs not null, export : /etc/xdg
** Message: environement.vala:183: Exporting XDG_CONFIG_DIRS
** Message: environement.vala:217: custom_data :
** Message: environement.vala:218: data_dirs :/usr/local/share:/usr/share/raspi-ui-overrides:/usr/share:/usr/share/gdm:/var/lib/menu-xdg
** Message: environement.vala:219: data_dirs not null, export : /usr/local/share:/usr/share/raspi-ui-overrides:/usr/share:/usr/share/gdm:/var/lib/menu-xdg
** Message: environement.vala:224: Exporting XDG_DATA_DIRS
** Message: utils.vala:79: Config system location : /etc/xdg/lxsession/LXDE-pi
** Message: utils.vala:85: System system path location : /etc/xdg/lxsession/LXDE-pi/conffiles.conf
** Message: utils.vala:89: Final file used : /etc/xdg/lxsession/LXDE-pi/conffiles.conf
** Message: options.vala:164: Activate xsettings_manager build-in
** Message: utils.vala:68: User config used : /home/pi/.config/lxsession/LXDE-pi/desktop.conf
** Message: utils.vala:89: Final file used : /home/pi/.config/lxsession/LXDE-pi/desktop.conf
xprop:  no such property "_NET_NUMBER_OF_DESKTOPS"
xprop:  no such property "_NET_DESKTOP_NAMES"
** Message: app.vala:717: polkit separate
** Message: app.vala:717: polkit separate
** Message: app.vala:76: Launching lxpolkit 
** Message: utils.vala:68: User config used : /home/pi/.config/lxsession/LXDE-pi/autostart
** Message: utils.vala:89: Final file used : /home/pi/.config/lxsession/LXDE-pi/autostart
** Message: autostart.vala:42: Autostart path : /home/pi/.config/lxsession/LXDE-pi/autostart
** Message: app.vala:76: Launching lxpanel 
** Message: app.vala:76: Launching pcmanfm 

** (lxsession:767): WARNING **: app.vala:86: Failed to execute child process "xscreensaver" (No such file or directory)

** (lxsession:767): WARNING **: app.vala:87: Error when launching xscreensaver
** Message: app.vala:76: Launching point-rpi 
** Message: options.vala:107: Create build-in Clipboard
** Message: main.vala:429: Check keymap_mode (null)
** Message: app.vala:76: Launching /usr/bin/ssh-agent 
SSH_AUTH_SOCK=/tmp/ssh-5FVG4pWLHR31/agent.874; export SSH_AUTH_SOCK;
SSH_AGENT_PID=877; export SSH_AGENT_PID;
echo Agent pid 877;
** Message: app.vala:130: point-rpi exit with this type of exit: 0
** Message: app.vala:139: Exit normal, don't reload
** Message: app.vala:130: /usr/bin/ssh-agent exit with this type of exit: 0
Openbox-Message: Unable to find a valid menu file "/usr/share/lxde/openbox/menu.xml"
** Message: x-terminal-emulator has very limited support, consider choose another terminal
** Message: x-terminal-emulator has very limited support, consider choose another terminal

** (lxpanel:869): WARNING **: launchbar: application in desktop entry is not valid


** (lxpanel:869): WARNING **: launchtaskbar: can't init button


** (lxpanel:869): WARNING **: launchbar: application in desktop entry is not valid


** (lxpanel:869): WARNING **: launchtaskbar: can't init button

** Message: Connecting ...
** Message: Status changed to down
** Message: Status changed to opened
** Message: Connected to dhcpcd-6.7.1
** Message: Status changed to connected
** Message: wlan0: Associated with Hack
** Message: wlan0: Configured 172.20.10.14/28
** Message: eth0: Link is down
** Message: wlan0: WPA status connected
** Message: wlan0: Received scan results
** Message: bt: Name org.bluez owned on DBus
** Message: bt: New agent manager found
** Message: bt: New adapter found
** Message: va: Name org.bluez owned on DBus
** Message: va: Stopping PulseAudio
bootstrap_helper: /usr/lib/chromium-browser/nacl_helper: Cannot open ELF file!  errno=2
[1:1:0715/213309.575365:ERROR:nacl_fork_delegate_linux.cc(315)] Bad NaCl helper startup ack (0 bytes)
[1177:1177:0715/213316.112961:ERROR:sandbox_linux.cc(343)] InitializeSandbox() called with multiple threads in process gpu-process. 
** Message: wlan0: Received scan results
** Message: wlan0: Received scan results
** Message: wlan0: Received scan results
[1102:1258:0715/213520.778518:ERROR:object_proxy.cc(583)] Failed to call method: org.freedesktop.UPower.GetDisplayDevice: object_path= /org/freedesktop/UPower: org.freedesktop.DBus.Error.ServiceUnknown: The name org.freedesktop.UPower was not provided by any .service files
[1102:1258:0715/213520.779544:ERROR:object_proxy.cc(583)] Failed to call method: org.freedesktop.UPower.EnumerateDevices: object_path= /org/freedesktop/UPower: org.freedesktop.DBus.Error.ServiceUnknown: The name org.freedesktop.UPower was not provided by any .service files
** Message: wlan0: Received scan results
** Message: wlan0: Received scan results
** Message: wlan0: Received scan results
[1102:1258:0715/213823.842450:ERROR:object_proxy.cc(583)] Failed to call method: org.freedesktop.UPower.GetDisplayDevice: object_path= /org/freedesktop/UPower: org.freedesktop.DBus.Error.ServiceUnknown: The name org.freedesktop.UPower was not provided by any .service files
[1102:1258:0715/213823.843629:ERROR:object_proxy.cc(583)] Failed to call method: org.freedesktop.UPower.EnumerateDevices: object_path= /org/freedesktop/UPower: org.freedesktop.DBus.Error.ServiceUnknown: The name org.freedesktop.UPower was not provided by any .service files

(openbox:864): GLib-CRITICAL **: Source ID 7 was not found when attempting to remove it
** Message: wlan0: Received scan results

(openbox:864): GLib-CRITICAL **: Source ID 6 was not found when attempting to remove it
[1102:1258:0715/213949.469304:ERROR:object_proxy.cc(583)] Failed to call method: org.freedesktop.UPower.GetDisplayDevice: object_path= /org/freedesktop/UPower: org.freedesktop.DBus.Error.ServiceUnknown: The name org.freedesktop.UPower was not provided by any .service files
[1102:1258:0715/213949.471128:ERROR:object_proxy.cc(583)] Failed to call method: org.freedesktop.UPower.EnumerateDevices: object_path= /org/freedesktop/UPower: org.freedesktop.DBus.Error.ServiceUnknown: The name org.freedesktop.UPower was not provided by any .service files
** Message: wlan0: Received scan results
** Message: wlan0: Received scan results
** Message: wlan0: Received scan results

(openbox:864): GLib-CRITICAL **: Source ID 8 was not found when attempting to remove it

(openbox:864): GLib-CRITICAL **: Source ID 9 was not found when attempting to remove it

(openbox:864): GLib-CRITICAL **: Source ID 11 was not found when attempting to remove it
** Message: wlan0: Received scan results
bootstrap_helper: /usr/lib/chromium-browser/nacl_helper: Cannot open ELF file!  errno=2
[1:1:0715/214341.072446:ERROR:nacl_fork_delegate_linux.cc(315)] Bad NaCl helper startup ack (0 bytes)
Created new window in existing browser session.
** Message: wlan0: Received scan results
[1:1:0715/214427.068484:ERROR:KeyboardEventManager.cpp(424)] Not implemented reached in static bool blink::KeyboardEventManager::currentCapsLockState()
[1:1:0715/214428.425810:ERROR:KeyboardEventManager.cpp(424)] Not implemented reached in static bool blink::KeyboardEventManager::currentCapsLockState()
[1:1:0715/214428.525001:ERROR:KeyboardEventManager.cpp(424)] Not implemented reached in static bool blink::KeyboardEventManager::currentCapsLockState()
** Message: wlan0: Received scan results

(pcmanfm:870): Gtk-WARNING **: Radio group does not contain an action with value '0'

(pcmanfm:870): Gtk-WARNING **: Radio group does not contain an action with value '0'

(pcmanfm:870): Gtk-WARNING **: Radio group does not contain an action with value '0'

(pcmanfm:870): Gtk-WARNING **: Radio group does not contain an action with value '0'

(pcmanfm:870): Gtk-WARNING **: Radio group does not contain an action with value '0'

(pcmanfm:870): Gtk-WARNING **: Radio group does not contain an action with value '0'

(pcmanfm:870): Gtk-WARNING **: Radio group does not contain an action with value '0'
** Message: wlan0: Received scan results

(openbox:864): GLib-CRITICAL **: Source ID 14 was not found when attempting to remove it

(openbox:864): GLib-CRITICAL **: Source ID 20 was not found when attempting to remove it
** Message: wlan0: Received scan results
** Message: wlan0: Received scan results
** Message: wlan0: Received scan results
** Message: wlan0: Received scan results
** Message: wlan0: Received scan results
** Message: wlan0: Received scan results
** Message: wlan0: Received scan results
** Message: wlan0: Received scan results
